<?xml version="1.0" encoding="UTF-8"?>
<!-- Generated by org.testng.reporters.JUnitReportReporter -->
<testsuite skipped="0" hostname="LT082490" name="utilityRunner.RunTheBot" tests="1" failures="0" timestamp="29 Nov 2018 00:00:53 GMT" time="41.083" errors="0">
  <testcase name="TestTheApp" time="41.083" classname="utilityRunner.RunTheBot"/>
</testsuite> <!-- utilityRunner.RunTheBot -->
