<?xml version="1.0" encoding="UTF-8"?>
<!-- Generated by org.testng.reporters.JUnitReportReporter -->
<testsuite skipped="0" hostname="LT082490" name="tests.RunTheBot" tests="1" failures="0" timestamp="02 Dec 2018 03:56:29 GMT" time="38.146" errors="0">
  <testcase name="TestTheApp" time="38.146" classname="tests.RunTheBot"/>
</testsuite> <!-- tests.RunTheBot -->
