<?xml version="1.0" encoding="UTF-8"?>
<!-- Generated by org.testng.reporters.JUnitReportReporter -->
<testsuite skipped="0" hostname="LT082490" name="test.TestTheApp" tests="1" failures="0" timestamp="27 Nov 2018 05:10:48 GMT" time="38.743" errors="0">
  <testcase name="TestTheApp" time="38.743" classname="test.TestTheApp"/>
</testsuite> <!-- test.TestTheApp -->
